[2026-03-04 07:41:06] [rank: 0] [INFO] - {'batch_size': 16,
 'dataset': {'data_mix': 'cup_hz_4_plus_1103',
             'episodes': None,
             'image_transforms': {'enable': False,
                                  'img_size': 224,
                                  'max_num_transforms': 3,
                                  'random_order': True,
                                  'tfs': {'brightness': {'kwargs': {'brightness': [0.8,
                                                                                   1.2]},
                                                         'type': 'ColorJitter',
                                                         'weight': 1.0},
                                          'contrast': {'kwargs': {'contrast': [0.8,
                                                                               1.2]},
                                                       'type': 'ColorJitter',
                                                       'weight': 1.0},
                                          'hue': {'kwargs': {'hue': [-0.05,
                                                                     0.05]},
                                                  'type': 'ColorJitter',
                                                  'weight': 1.0},
                                          'saturation': {'kwargs': {'saturation': [0.5,
                                                                                   1.5]},
                                                         'type': 'ColorJitter',
                                                         'weight': 1.0},
                                          'sharpness': {'kwargs': {'sharpness': [0.5,
                                                                                 1.5]},
                                                        'type': 'SharpnessJitter',
                                                        'weight': 1.0}}},
             'repo_id': 'any/simulted',
             'revision': None,
             'root': '/home/v-wangxiaofa/.cache/huggingface/lerobot',
             'split': 'train',
             'train_num': 1500,
             'use_imagenet_stats': True,
             'use_state': True,
             'video_backend': 'pyav',
             'wrist_image_transforms': {'enable': True,
                                        'img_size': 224,
                                        'max_num_transforms': 3,
                                        'random_order': True,
                                        'tfs': {'brightness': {'kwargs': {'brightness': [0.8,
                                                                                         1.2]},
                                                               'type': 'ColorJitter',
                                                               'weight': 1.0},
                                                'contrast': {'kwargs': {'contrast': [0.8,
                                                                                     1.2]},
                                                             'type': 'ColorJitter',
                                                             'weight': 1.0},
                                                'crop_resize': {'kwargs': {'ratio': [1.0,
                                                                                     1.0],
                                                                           'scale': [0.95,
                                                                                     0.95],
                                                                           'size': [256,
                                                                                    256]},
                                                                'type': 'RandomResizedCrop',
                                                                'weight': 1.0},
                                                'hue': {'kwargs': {'hue': [-0.05,
                                                                           0.05]},
                                                        'type': 'ColorJitter',
                                                        'weight': 1.0},
                                                'rotate': {'kwargs': {'degrees': [-5,
                                                                                  5]},
                                                           'type': 'RandomRotate',
                                                           'weight': 1.0},
                                                'saturation': {'kwargs': {'saturation': [0.5,
                                                                                         1.5]},
                                                               'type': 'ColorJitter',
                                                               'weight': 1.0},
                                                'sharpness': {'kwargs': {'sharpness': [0.5,
                                                                                       1.5]},
                                                              'type': 'SharpnessJitter',
                                                              'weight': 1.0}}}},
 'deepspeed': './ds_zero2_40G.json',
 'device': 'cuda',
 'env': None,
 'eval': {'batch_size': 50, 'n_episodes': 50, 'use_async_envs': False},
 'eval_freq': 2000,
 'gradient_accumulation_steps': 4,
 'job_name': 'cup_test_training',
 'local_rank': 0,
 'log_dir': 'logs',
 'log_freq': 400,
 'mixed_precision': None,
 'num_workers': 8,
 'optimizer': {'betas': [0.9, 0.95],
               'eps': 1e-08,
               'grad_clip_norm': 1.0,
               'lr': 2.5e-05,
               'type': 'adamw',
               'weight_decay': 0.01},
 'output_dir': '/home/v-wangxiaofa/amlt_jobs/amlt',
 'policy': {'GRIPPER_SCALE': 1.0,
            'ROT_SCALE': 1.0,
            'XYZ_SCALE': 1.0,
            'action_expert_variant': 'gemma_300m',
            'action_type': 'rpy',
            'add_new_tokens': False,
            'chunk_size': 50,
            'compile_mode': 'max-autotune',
            'compile_model': False,
            'device': None,
            'dtype': 'float32',
            'empty_cameras': 0,
            'freeze_vision_encoder': True,
            'gradient_checkpointing': True,
            'image_resolution': [224, 224],
            'input_features': {},
            'loss_type': 'mse_loss',
            'max_action_dim': 32,
            'max_period': 4.0,
            'max_state_dim': 32,
            'min_period': 0.004,
            'n_action_steps': 50,
            'n_obs_steps': 1,
            'normalization_mapping': {'ACTION': <NormalizationMode.QUANTILES: 'QUANTILES'>,
                                      'STATE': <NormalizationMode.QUANTILES: 'QUANTILES'>,
                                      'VISUAL': <NormalizationMode.IDENTITY: 'IDENTITY'>},
            'num_inference_steps': 10,
            'optimizer_betas': [0.9, 0.95],
            'optimizer_eps': 1e-08,
            'optimizer_grad_clip_norm': 1.0,
            'optimizer_lr': 2.5e-05,
            'optimizer_weight_decay': 0.01,
            'output_features': {},
            'paligemma_variant': 'gemma_2b',
            'pretrained_path': '/Data/lzl/weights/pi_zero',
            'pt_weight_path': '/home/v-wangxiaofa/amlt_jobs/model_new.pt',
            'scheduler_decay_lr': 2.5e-06,
            'scheduler_decay_steps': 30000,
            'scheduler_warmup_steps': 1000,
            'time_sampling_beta_alpha': 1.5,
            'time_sampling_beta_beta': 1.0,
            'time_sampling_offset': 0.001,
            'time_sampling_scale': 0.999,
            'tokenizer_max_length': 200,
            'train_expert_only': False,
            'type': 'pi05',
            'use_lora': True,
            'use_new_tokens': False},
 'resume': False,
 'save_checkpoint': True,
 'save_freq': 1000,
 'scheduler': {'decay_lr': 2.5e-06,
               'num_decay_steps': 30000,
               'num_warmup_steps': 1000,
               'peak_lr': 2.5e-05,
               'type': 'cosine_decay_with_warmup'},
 'seed': 1000,
 'steps': 30000,
 'use_amp': False,
 'use_policy_training_preset': True,
 'wandb': {'disable_artifact': False,
           'enable': False,
           'entity': None,
           'id': '7258056839.59298-05824d03-26a7-488c-abda-e9b82731f1c5',
           'notes': None,
           'project': 'pi0-ft-simulated'},
 'weight_resume': False}
[2026-03-04 07:41:06] [rank: 0] [INFO] - [1m[33mLogs will be saved locally.[0m
[2026-03-04 07:41:10] [rank: 0] [INFO] - Data load from:/home/v-wangxiaofa/.cache/huggingface/lerobot
[2026-03-04 07:41:10] [rank: 0] [INFO] - Dataset: <lerobot.common.datasets.lerobot_dataset.MultiSameDataset object at 0x781b0bddd940>
[2026-03-04 07:41:10] [rank: 0] [INFO] - Creating policy...
[2026-03-04 07:41:10] [rank: 0] [INFO] - Setting model's tokenizer_max_length to 100
[2026-03-04 07:41:10] [rank: 0] [INFO] - Still creating policy...
